<?xml version='1.0'?>
<ns2:test-suite xmlns:ns2='urn:model.allure.qatools.yandex.ru' start='1617789702612' stop='1617789711490'>
    <name>Checking for checkboxes click</name>
    <title>Checking for checkboxes click</title>
    <test-cases>
        <test-case start='1617789702613' status='passed' stop='1617789710651'>
            <name>Launch the Internet Hero Home Page</name>
            <title>Launch the Internet Hero Home Page</title>
            <labels>
                <label name='language' value='javascript'/>
                <label name='framework' value='wdio'/>
                <label name='thread' value='0-0'/>
            </labels>
            <parameters>
                <parameter kind='argument' name='browser' value='chrome-89.0.4389.114'/>
            </parameters>
            <steps>
                <step start='1617789702648' status='passed' stop='1617789705273'>
                    <name>POST /session/:sessionId/url</name>
                    <title>POST /session/:sessionId/url</title>
                    <attachments>
                        <attachment title='Request' source='628c326d-0e25-4fe9-87a8-20e7f6ec8b22-attachment.json' type='application/json' size='50'/>
                    </attachments>
                    <steps/>
                </step>
                <step start='1617789705273' status='passed' stop='1617789705644'>
                    <name>POST /session/:sessionId/window/maximize</name>
                    <title>POST /session/:sessionId/window/maximize</title>
                    <attachments>
                        <attachment title='Response' source='59627e4d-e9f7-4265-8142-ff308175516d-attachment.json' type='application/json' size='59'/>
                    </attachments>
                    <steps/>
                </step>
            </steps>
            <attachments/>
        </test-case>
        <test-case start='1617789710651' status='broken' stop='1617789711074'>
            <name>Click on the checkboxes link</name>
            <title>Click on the checkboxes link</title>
            <labels>
                <label name='language' value='javascript'/>
                <label name='framework' value='wdio'/>
                <label name='thread' value='0-0'/>
            </labels>
            <parameters>
                <parameter kind='argument' name='browser' value='chrome-89.0.4389.114'/>
            </parameters>
            <steps>
                <step start='1617789710654' status='passed' stop='1617789711072'>
                    <name>GET /session/:sessionId/screenshot</name>
                    <title>GET /session/:sessionId/screenshot</title>
                    <attachments>
                        <attachment title='Screenshot' source='db8a90ae-9770-4081-bf8f-637c78b63efb-attachment.png' type='image/png' size='72500'/>
                    </attachments>
                    <steps/>
                </step>
            </steps>
            <attachments/>
            <failure>
                <message>this.getCheckBoxesLink(...).waitForDisplayed is not a function</message>
                <stack-trace>TypeError: this.getCheckBoxesLink(...).waitForDisplayed is not a function
                    at InternetPages.clickOnCheckboxLink (C:\KrishnaData\WebDriverIO\test\pageobjects\InternetPageObjects.js:10:39)
                    at Context.&lt;anonymous> (C:\KrishnaData\WebDriverIO\test\specs\InternetPages\clickOnCheckBoxesPages.js:14:19)
                    at Context.executeSync (C:\KrishnaData\WebDriverIO\node_modules\@wdio\sync\build\index.js:38:22)
                    at C:\KrishnaData\WebDriverIO\node_modules\@wdio\sync\build\index.js:69:68</stack-trace>
            </failure>
        </test-case>
        <test-case start='1617789711075' status='broken' stop='1617789711488'>
            <name>click on the checkbox</name>
            <title>click on the checkbox</title>
            <labels>
                <label name='language' value='javascript'/>
                <label name='framework' value='wdio'/>
                <label name='thread' value='0-0'/>
            </labels>
            <parameters>
                <parameter kind='argument' name='browser' value='chrome-89.0.4389.114'/>
            </parameters>
            <steps>
                <step start='1617789711078' status='passed' stop='1617789711488'>
                    <name>GET /session/:sessionId/screenshot</name>
                    <title>GET /session/:sessionId/screenshot</title>
                    <attachments>
                        <attachment title='Screenshot' source='1edcb700-2be1-41e3-a8c3-18e9c595ca13-attachment.png' type='image/png' size='72500'/>
                    </attachments>
                    <steps/>
                </step>
            </steps>
            <attachments/>
            <failure>
                <message>this.getCheckBoxWithIndex(...).waitForDisplayed is not a function</message>
                <stack-trace>TypeError: this.getCheckBoxWithIndex(...).waitForDisplayed is not a function
                    at InternetPages.clickOnCheckBoxOptionWithIndex (C:\KrishnaData\WebDriverIO\test\pageobjects\InternetPageObjects.js:23:42)
                    at Context.&lt;anonymous> (C:\KrishnaData\WebDriverIO\test\specs\InternetPages\clickOnCheckBoxesPages.js:20:18)
                    at Context.executeSync (C:\KrishnaData\WebDriverIO\node_modules\@wdio\sync\build\index.js:38:22)
                    at C:\KrishnaData\WebDriverIO\node_modules\@wdio\sync\build\index.js:69:68</stack-trace>
            </failure>
        </test-case>
    </test-cases>
</ns2:test-suite>