<?xml version='1.0'?>
<ns2:test-suite xmlns:ns2='urn:model.allure.qatools.yandex.ru' start='1618306498928' stop='1618306501603'>
    <name>Validate the Select By Value option</name>
    <title>Validate the Select By Value option</title>
    <test-cases>
        <test-case start='1618306498929' status='broken' stop='1618306501130'>
            <name>Select value for the facebook sign up page </name>
            <title>Select value for the facebook sign up page </title>
            <labels>
                <label name='language' value='javascript'/>
                <label name='framework' value='wdio'/>
                <label name='thread' value='0-0'/>
            </labels>
            <parameters>
                <parameter kind='argument' name='browser' value='chrome-89.0.4389.114'/>
            </parameters>
            <steps>
                <step start='1618306499076' status='passed' stop='1618306500499'>
                    <name>POST /session/:sessionId/url</name>
                    <title>POST /session/:sessionId/url</title>
                    <attachments>
                        <attachment title='Request' source='2e6fe9af-2d86-4b8b-a90e-4ad9776cc6ce-attachment.json' type='application/json' size='40'/>
                    </attachments>
                    <steps/>
                </step>
                <step start='1618306500500' status='passed' stop='1618306500514'>
                    <name>DELETE /session/:sessionId/cookie</name>
                    <title>DELETE /session/:sessionId/cookie</title>
                    <attachments/>
                    <steps/>
                </step>
                <step start='1618306500514' status='passed' stop='1618306500682'>
                    <name>POST /session/:sessionId/window/maximize</name>
                    <title>POST /session/:sessionId/window/maximize</title>
                    <attachments>
                        <attachment title='Response' source='9be5f2bd-f06c-4bf0-a3a5-3562b8b25ef4-attachment.json' type='application/json' size='59'/>
                    </attachments>
                    <steps/>
                </step>
                <step start='1618306500684' status='passed' stop='1618306501127'>
                    <name>GET /session/:sessionId/screenshot</name>
                    <title>GET /session/:sessionId/screenshot</title>
                    <attachments>
                        <attachment title='Screenshot' source='102a99c0-28f9-4bac-b07b-5f56453e50a1-attachment.png' type='image/png' size='81264'/>
                    </attachments>
                    <steps/>
                </step>
            </steps>
            <attachments/>
            <failure>
                <message>selectValue.acceptAllcookies.click is not a function</message>
                <stack-trace>TypeError: selectValue.acceptAllcookies.click is not a function
                    at Context.&lt;anonymous> (C:\KrishnaData\WebDriverIO\test\specs\FacebookPage\facebookPageSelect.js:10:39)
                    at Context.executeSync (C:\KrishnaData\WebDriverIO\node_modules\@wdio\sync\build\index.js:38:22)
                    at C:\KrishnaData\WebDriverIO\node_modules\@wdio\sync\build\index.js:69:68</stack-trace>
            </failure>
        </test-case>
        <test-case start='1618306501130' status='broken' stop='1618306501602'>
            <name>Get all the values from a select dropdown</name>
            <title>Get all the values from a select dropdown</title>
            <labels>
                <label name='language' value='javascript'/>
                <label name='framework' value='wdio'/>
                <label name='thread' value='0-0'/>
            </labels>
            <parameters>
                <parameter kind='argument' name='browser' value='chrome-89.0.4389.114'/>
            </parameters>
            <steps>
                <step start='1618306501136' status='passed' stop='1618306501164'>
                    <name>POST /session/:sessionId/elements</name>
                    <title>POST /session/:sessionId/elements</title>
                    <attachments>
                        <attachment title='Request' source='2631e40c-35b0-4978-9267-f9a4dd1e720a-attachment.json' type='application/json' size='57'/>
                        <attachment title='Response' source='c1776de6-4a90-4e86-897b-149250d7caaf-attachment.json' type='application/json' size='2'/>
                    </attachments>
                    <steps/>
                </step>
                <step start='1618306501176' status='passed' stop='1618306501602'>
                    <name>GET /session/:sessionId/screenshot</name>
                    <title>GET /session/:sessionId/screenshot</title>
                    <attachments>
                        <attachment title='Screenshot' source='9d6e0c83-b7dc-4dd0-9216-0c8464d0bef0-attachment.png' type='image/png' size='81296'/>
                    </attachments>
                    <steps/>
                </step>
            </steps>
            <attachments/>
            <failure>
                <message>months.length is not a function</message>
                <stack-trace>TypeError: months.length is not a function
                    at Context.&lt;anonymous> (C:\KrishnaData\WebDriverIO\test\specs\FacebookPage\facebookPageSelect.js:17:54)
                    at Context.executeSync (C:\KrishnaData\WebDriverIO\node_modules\@wdio\sync\build\index.js:38:22)
                    at C:\KrishnaData\WebDriverIO\node_modules\@wdio\sync\build\index.js:69:68</stack-trace>
            </failure>
        </test-case>
    </test-cases>
</ns2:test-suite>