<?xml version='1.0'?>
<ns2:test-suite xmlns:ns2='urn:model.allure.qatools.yandex.ru' start='1617718628429' stop='1617718650148'>
    <name>Checking on $$ function</name>
    <title>Checking on $$ function</title>
    <test-cases>
        <test-case start='1617718628430' status='passed' stop='1617718644330'>
            <name>get text of Li elements</name>
            <title>get text of Li elements</title>
            <labels>
                <label name='language' value='javascript'/>
                <label name='framework' value='wdio'/>
                <label name='thread' value='0-0'/>
            </labels>
            <parameters>
                <parameter kind='argument' name='browser' value='chrome-89.0.4389.114'/>
            </parameters>
            <steps>
                <step start='1617718628571' status='passed' stop='1617718638468'>
                    <name>POST /session/:sessionId/url</name>
                    <title>POST /session/:sessionId/url</title>
                    <attachments>
                        <attachment title='Request' source='f82736e3-5831-447a-bc03-143b71b8a7af-attachment.json' type='application/json' size='42'/>
                    </attachments>
                    <steps/>
                </step>
                <step start='1617718638470' status='passed' stop='1617718638940'>
                    <name>POST /session/:sessionId/window/maximize</name>
                    <title>POST /session/:sessionId/window/maximize</title>
                    <attachments>
                        <attachment title='Response' source='4d001d97-56d6-4838-b2e0-331b512a0df5-attachment.json' type='application/json' size='59'/>
                    </attachments>
                    <steps/>
                </step>
                <step start='1617718643944' status='passed' stop='1617718643989'>
                    <name>POST /session/:sessionId/element</name>
                    <title>POST /session/:sessionId/element</title>
                    <attachments>
                        <attachment title='Request' source='287831a4-34a6-4001-87e6-51b1821e6015-attachment.json' type='application/json' size='61'/>
                        <attachment title='Response' source='755056c5-5f8b-422f-8b59-b3a766a2422b-attachment.json' type='application/json' size='83'/>
                    </attachments>
                    <steps/>
                </step>
                <step start='1617718644004' status='passed' stop='1617718644040'>
                    <name>POST /session/:sessionId/element/e89d48af-bfc0-456f-be90-e13ef37b258f/elements</name>
                    <title>POST /session/:sessionId/element/e89d48af-bfc0-456f-be90-e13ef37b258f/elements</title>
                    <attachments>
                        <attachment title='Request' source='cdca5a31-512b-4ed6-862f-e54de9ff5123-attachment.json' type='application/json' size='46'/>
                        <attachment title='Response' source='643cfcf0-58bc-4f0d-a710-2b67700004f5-attachment.json' type='application/json' size='639'/>
                    </attachments>
                    <steps/>
                </step>
                <step start='1617718644065' status='passed' stop='1617718644106'>
                    <name>GET /session/:sessionId/element/ebc5daca-f049-4f25-8182-6b1309bfbeb1/text</name>
                    <title>GET /session/:sessionId/element/ebc5daca-f049-4f25-8182-6b1309bfbeb1/text</title>
                    <attachments>
                        <attachment title='Response' source='5772370a-c0b4-4cd5-b1ea-61e864af128b-attachment.json' type='application/json' size='9'/>
                    </attachments>
                    <steps/>
                </step>
                <step start='1617718644106' status='passed' stop='1617718644143'>
                    <name>GET /session/:sessionId/element/e65e2c6a-0463-4d4c-babe-fa2920d966b1/text</name>
                    <title>GET /session/:sessionId/element/e65e2c6a-0463-4d4c-babe-fa2920d966b1/text</title>
                    <attachments>
                        <attachment title='Response' source='c24cacda-2196-4ae6-8ea2-6f42f4b3727c-attachment.json' type='application/json' size='11'/>
                    </attachments>
                    <steps/>
                </step>
                <step start='1617718644143' status='passed' stop='1617718644188'>
                    <name>GET /session/:sessionId/element/2f3cca54-315a-4ccd-ad80-6dd387548093/text</name>
                    <title>GET /session/:sessionId/element/2f3cca54-315a-4ccd-ad80-6dd387548093/text</title>
                    <attachments>
                        <attachment title='Response' source='b3e800b2-2ff7-4e62-a7de-62badf34e379-attachment.json' type='application/json' size='11'/>
                    </attachments>
                    <steps/>
                </step>
                <step start='1617718644188' status='passed' stop='1617718644221'>
                    <name>GET /session/:sessionId/element/8e541094-33c3-47b3-9ba4-bba1e5804fdf/text</name>
                    <title>GET /session/:sessionId/element/8e541094-33c3-47b3-9ba4-bba1e5804fdf/text</title>
                    <attachments>
                        <attachment title='Response' source='122600ed-813a-4a38-9a6f-ffd642e1cd31-attachment.json' type='application/json' size='6'/>
                    </attachments>
                    <steps/>
                </step>
                <step start='1617718644221' status='passed' stop='1617718644261'>
                    <name>GET /session/:sessionId/element/697576cb-9c2a-4af8-8f57-8fc477c552e5/text</name>
                    <title>GET /session/:sessionId/element/697576cb-9c2a-4af8-8f57-8fc477c552e5/text</title>
                    <attachments>
                        <attachment title='Response' source='94dc4d88-4ced-4c58-a9a4-9cbb576b4902-attachment.json' type='application/json' size='15'/>
                    </attachments>
                    <steps/>
                </step>
                <step start='1617718644262' status='passed' stop='1617718644294'>
                    <name>GET /session/:sessionId/element/27f405fe-75a7-4974-a23b-2d9321015df7/text</name>
                    <title>GET /session/:sessionId/element/27f405fe-75a7-4974-a23b-2d9321015df7/text</title>
                    <attachments>
                        <attachment title='Response' source='2c68eb83-b3f9-4808-bf01-f28f39d582c3-attachment.json' type='application/json' size='15'/>
                    </attachments>
                    <steps/>
                </step>
                <step start='1617718644294' status='passed' stop='1617718644328'>
                    <name>GET /session/:sessionId/element/908ff4c6-79be-4b0c-9004-61daa672a42f/text</name>
                    <title>GET /session/:sessionId/element/908ff4c6-79be-4b0c-9004-61daa672a42f/text</title>
                    <attachments>
                        <attachment title='Response' source='c7270110-5624-472e-acaf-e3f2175e1965-attachment.json' type='application/json' size='19'/>
                    </attachments>
                    <steps/>
                </step>
            </steps>
            <attachments/>
        </test-case>
        <test-case start='1617718644331' status='broken' stop='1617718644997'>
            <name>Get the elements from usecase</name>
            <title>Get the elements from usecase</title>
            <labels>
                <label name='language' value='javascript'/>
                <label name='framework' value='wdio'/>
                <label name='thread' value='0-0'/>
            </labels>
            <parameters>
                <parameter kind='argument' name='browser' value='chrome-89.0.4389.114'/>
            </parameters>
            <steps>
                <step start='1617718644334' status='passed' stop='1617718644995'>
                    <name>GET /session/:sessionId/screenshot</name>
                    <title>GET /session/:sessionId/screenshot</title>
                    <attachments>
                        <attachment title='Screenshot' source='3165b5fb-571f-4aac-bda3-31a547a44cdb-attachment.png' type='image/png' size='372676'/>
                    </attachments>
                    <steps/>
                </step>
            </steps>
            <attachments/>
            <failure>
                <message>this.parentUsecaseUI.$$ is not a function</message>
                <stack-trace>TypeError: this.parentUsecaseUI.$$ is not a function
                    at blazeMeterUsecases.get childUsercasesUI [as childUsercasesUI] (C:\KrishnaData\WebDriverIO\test\pageobjects\blazemeterUsercases.js:10:38)
                    at blazeMeterUsecases.get TextFromAlltheLi [as TextFromAlltheLi] (C:\KrishnaData\WebDriverIO\test\pageobjects\blazemeterUsercases.js:14:22)
                    at Context.&lt;anonymous> (C:\KrishnaData\WebDriverIO\test\specs\BlazemeterHomePage\blazemeter.page.js:15:42)
                    at Context.executeSync (C:\KrishnaData\WebDriverIO\node_modules\@wdio\sync\build\index.js:38:22)
                    at C:\KrishnaData\WebDriverIO\node_modules\@wdio\sync\build\index.js:69:68</stack-trace>
            </failure>
        </test-case>
        <test-case start='1617718644997' status='broken' stop='1617718650147'>
            <name>Get the elements from A link in LI</name>
            <title>Get the elements from A link in LI</title>
            <labels>
                <label name='language' value='javascript'/>
                <label name='framework' value='wdio'/>
                <label name='thread' value='0-0'/>
            </labels>
            <parameters>
                <parameter kind='argument' name='browser' value='chrome-89.0.4389.114'/>
            </parameters>
            <steps>
                <step start='1617718644999' status='passed' stop='1617718645047'>
                    <name>POST /session/:sessionId/elements</name>
                    <title>POST /session/:sessionId/elements</title>
                    <attachments>
                        <attachment title='Request' source='042d55cb-db29-4ba6-a6af-bf3e53f7c280-attachment.json' type='application/json' size='79'/>
                        <attachment title='Response' source='8bb76ff8-620d-411c-a19c-a33e975120f0-attachment.json' type='application/json' size='821'/>
                    </attachments>
                    <steps/>
                </step>
                <step start='1617718645072' status='passed' stop='1617718645127'>
                    <name>POST /session/:sessionId/execute/sync</name>
                    <title>POST /session/:sessionId/execute/sync</title>
                    <attachments>
                        <attachment title='Request' source='5c19daf3-2293-45f1-adfe-b7266af606af-attachment.json' type='application/json' size='303'/>
                    </attachments>
                    <steps/>
                </step>
                <step start='1617718645127' status='broken' stop='1617718650147'>
                    <name>POST /session/:sessionId/element/1e7713b2-7976-443b-b821-8fda6a860728/click</name>
                    <title>POST /session/:sessionId/element/1e7713b2-7976-443b-b821-8fda6a860728/click</title>
                    <attachments/>
                    <steps>
                        <step start='1617718649655' status='passed' stop='1617718650146'>
                            <name>GET /session/:sessionId/screenshot</name>
                            <title>GET /session/:sessionId/screenshot</title>
                            <attachments>
                                <attachment title='Screenshot' source='f08724c6-511e-4095-8d0b-70478ba38ba8-attachment.png' type='image/png' size='240343'/>
                            </attachments>
                            <steps/>
                        </step>
                    </steps>
                </step>
            </steps>
            <attachments/>
            <failure>
                <message>element click intercepted: Element &lt;a href="/jmeter-load-testing">...&lt;/a> is not clickable at point (697, 915). Other element would receive the click: &lt;div class="optanon-clearfix optanon-alert-box-bottom-padding">&lt;/div>
                  (Session info: chrome=89.0.4389.114)</message>
                <stack-trace>element click intercepted: Element &lt;a href="/jmeter-load-testing">...&lt;/a> is not clickable at point (697, 915). Other element would receive the click: &lt;div class="optanon-clearfix optanon-alert-box-bottom-padding">&lt;/div>
                  (Session info: chrome=89.0.4389.114)
                    at Object.getErrorFromResponseBody (C:\KrishnaData\WebDriverIO\node_modules\webdriver\build\utils.js:189:12)
                    at WebDriverRequest._request (C:\KrishnaData\WebDriverIO\node_modules\webdriver\build\request.js:168:31)
                    at processTicksAndRejections (internal/process/task_queues.js:94:5)
                    at async Element.elementErrorHandlerCallbackFn (C:\KrishnaData\WebDriverIO\node_modules\webdriverio\build\middlewares.js:23:32)
                    at async Element.runCommandWithHooks (C:\KrishnaData\WebDriverIO\node_modules\@wdio\sync\build\wrapCommand.js:105:25)
                    at Element.runCommandWithHooks (C:\KrishnaData\WebDriverIO\node_modules\@wdio\sync\build\wrapCommand.js:100:24)
                    at Element.wrapCommandFn (C:\KrishnaData\WebDriverIO\node_modules\@wdio\sync\build\wrapCommand.js:67:44)
                    at Element.elementErrorHandlerCallback (C:\KrishnaData\WebDriverIO\node_modules\webdriverio\build\middlewares.js:44:12)
                    at Context.&lt;anonymous> (C:\KrishnaData\WebDriverIO\test\specs\BlazemeterHomePage\blazemeter.page.js:25:24)
                    at Context.executeSync (C:\KrishnaData\WebDriverIO\node_modules\@wdio\sync\build\index.js:38:22)
                    at C:\KrishnaData\WebDriverIO\node_modules\@wdio\sync\build\index.js:69:68</stack-trace>
            </failure>
        </test-case>
    </test-cases>
</ns2:test-suite>