<?xml version='1.0'?>
<ns2:test-suite xmlns:ns2='urn:model.allure.qatools.yandex.ru' start='1617798039485' stop='1617798044065'>
    <name>Login Page Check</name>
    <title>Login Page Check</title>
    <test-cases>
        <test-case start='1617798039486' status='broken' stop='1617798043635'>
            <name>Login into the internet page</name>
            <title>Login into the internet page</title>
            <labels>
                <label name='language' value='javascript'/>
                <label name='framework' value='wdio'/>
                <label name='thread' value='0-0'/>
            </labels>
            <parameters>
                <parameter kind='argument' name='browser' value='chrome-89.0.4389.114'/>
            </parameters>
            <steps>
                <step start='1617798039528' status='passed' stop='1617798043036'>
                    <name>POST /session/:sessionId/url</name>
                    <title>POST /session/:sessionId/url</title>
                    <attachments>
                        <attachment title='Request' source='df72a95d-0445-4358-b207-3a4d7d691e23-attachment.json' type='application/json' size='55'/>
                    </attachments>
                    <steps/>
                </step>
                <step start='1617798043036' status='passed' stop='1617798043214'>
                    <name>POST /session/:sessionId/window/maximize</name>
                    <title>POST /session/:sessionId/window/maximize</title>
                    <attachments>
                        <attachment title='Response' source='0c9fc8f3-44a5-4f95-ad34-6e22eb4eceaf-attachment.json' type='application/json' size='59'/>
                    </attachments>
                    <steps/>
                </step>
                <step start='1617798043217' status='passed' stop='1617798043632'>
                    <name>GET /session/:sessionId/screenshot</name>
                    <title>GET /session/:sessionId/screenshot</title>
                    <attachments>
                        <attachment title='Screenshot' source='3186bff5-939e-42a4-9a21-7ddf0957028d-attachment.png' type='image/png' size='57317'/>
                    </attachments>
                    <steps/>
                </step>
            </steps>
            <attachments/>
            <failure>
                <message>this.internetPageLoginUsernameData.clearValue is not a function</message>
                <stack-trace>TypeError: this.internetPageLoginUsernameData.clearValue is not a function
                    at internetPageLogin.loginIntoInternetPage (C:\KrishnaData\WebDriverIO\test\pageobjects\internetPageLogin.js:18:44)
                    at Context.&lt;anonymous> (C:\KrishnaData\WebDriverIO\test\specs\InternetPages\loginInternetPage.js:9:24)
                    at Context.executeSync (C:\KrishnaData\WebDriverIO\node_modules\@wdio\sync\build\index.js:38:22)
                    at C:\KrishnaData\WebDriverIO\node_modules\@wdio\sync\build\index.js:69:68</stack-trace>
            </failure>
        </test-case>
        <test-case start='1617798043636' status='broken' stop='1617798044064'>
            <name>logout from the internetPage </name>
            <title>logout from the internetPage </title>
            <labels>
                <label name='language' value='javascript'/>
                <label name='framework' value='wdio'/>
                <label name='thread' value='0-0'/>
            </labels>
            <parameters>
                <parameter kind='argument' name='browser' value='chrome-89.0.4389.114'/>
            </parameters>
            <steps>
                <step start='1617798043638' status='passed' stop='1617798044063'>
                    <name>GET /session/:sessionId/screenshot</name>
                    <title>GET /session/:sessionId/screenshot</title>
                    <attachments>
                        <attachment title='Screenshot' source='f3a92351-c95a-4890-8bd2-0c97d87544db-attachment.png' type='image/png' size='57317'/>
                    </attachments>
                    <steps/>
                </step>
            </steps>
            <attachments/>
            <failure>
                <message>internetPageLogin.clickOnLogOut.click is not a function</message>
                <stack-trace>TypeError: internetPageLogin.clickOnLogOut.click is not a function
                    at Context.&lt;anonymous> (C:\KrishnaData\WebDriverIO\test\specs\InternetPages\loginInternetPage.js:15:41)
                    at Context.executeSync (C:\KrishnaData\WebDriverIO\node_modules\@wdio\sync\build\index.js:38:22)
                    at C:\KrishnaData\WebDriverIO\node_modules\@wdio\sync\build\index.js:69:68</stack-trace>
            </failure>
        </test-case>
    </test-cases>
</ns2:test-suite>